<?xml version="1.0" encoding="UTF-8"?>
<!-- Generated by org.testng.reporters.JUnitReportReporter -->
<testsuite name="com.reflection.ReflectionTest" tests="1" time="0.252" ignored="0" failures="0" timestamp="25 Feb 2017 19:05:17 GMT" skipped="0" hostname="LTPBAN252061172" errors="0">
  <testcase name="findAllPackages" time="0.252" classname="com.reflection.ReflectionTest"/>
</testsuite> <!-- com.reflection.ReflectionTest -->
